<?xml version="1.0" encoding="UTF-8"?>
<testsuites name="jest tests" tests="1" failures="0" errors="0" time="16.906">
  <testsuite name="src\App.test.js" errors="0" failures="0" skipped="0" timestamp="2025-08-08T01:14:58" time="9.314" tests="1">
    <testcase classname="-renders learn Jenkins link" name="-renders learn Jenkins link" time="0.046">
    </testcase>
  </testsuite>
</testsuites>